693070
109005
1277136
1267 1008
0.113017
bk1 126 644 259 980
bk10a 434 882 812 1001
bk10b 1050 868 1211 1008
bk10c 931 931 1050 980
bk11 259 882 434 1001
bk12 0 119 140 525
bk13 945 315 1085 812
bk14a 126 525 322 644
bk14b 441 133 735 252
bk14c 336 0 497 119
bk15a 322 119 441 385
bk15b 0 0 336 119
bk16 462 595 588 714
bk17a 1085 315 1267 686
bk17b 259 700 462 882
bk18 1050 133 1253 315
bk19 322 616 441 700
bk2 812 266 945 560
bk20 140 119 322 469
bk21 462 714 777 854
bk3 735 133 1050 266
bk4 497 0 1057 133
bk5a 812 560 945 700
bk5b 798 700 931 875
bk5c 322 385 455 616
bk6 665 385 798 700
bk7 1085 686 1267 784
bk8a 455 385 665 595
bk8b 0 525 126 903
bk9a 1057 0 1239 119
bk9b 931 812 1050 931
bk9c 455 266 812 385
bk9d 1085 784 1204 868
